
Attaching package: ‘igraph’

The following objects are masked from ‘package:stats’:

    decompose, spectrum

The following object is masked from ‘package:base’:

    union


Attaching package: ‘gRbase’

The following objects are masked from ‘package:igraph’:

    edges, is_dag, topo_sort


Attaching package: ‘bnlearn’

The following objects are masked from ‘package:gRbase’:

    ancestors, children, parents

The following objects are masked from ‘package:igraph’:

    as.igraph, compare, degree, subgraph


Attaching package: ‘dplyr’

The following objects are masked from ‘package:igraph’:

    as_data_frame, groups, union

The following object is masked from ‘package:MASS’:

    select

The following objects are masked from ‘package:stats’:

    filter, lag

The following objects are masked from ‘package:base’:

    intersect, setdiff, setequal, union


Attaching package: ‘pcalg’

The following objects are masked from ‘package:bnlearn’:

    dsep, pdag2dag, shd, skeleton

Loading required package: grid
Loading required package: Matrix
Loading required package: survival

Attaching package: ‘survival’

The following object is masked from ‘package:gRbase’:

    rats


Attaching package: ‘survey’

The following object is masked from ‘package:graphics’:

    dotchart

There were 12 warnings (use warnings() to see them)
No need to specify 'p', when 'labels' is given
No need to specify 'p', when 'labels' is given
No need to specify 'p', when 'labels' is given
No need to specify 'p', when 'labels' is given
No need to specify 'p', when 'labels' is given
No need to specify 'p', when 'labels' is given
No need to specify 'p', when 'labels' is given
No need to specify 'p', when 'labels' is given
No need to specify 'p', when 'labels' is given
No need to specify 'p', when 'labels' is given
No need to specify 'p', when 'labels' is given
No need to specify 'p', when 'labels' is given
No need to specify 'p', when 'labels' is given
No need to specify 'p', when 'labels' is given
No need to specify 'p', when 'labels' is given
No need to specify 'p', when 'labels' is given
